<?xml version="1.0" encoding="UTF-8"?>
<testng-results ignored="0" total="1" passed="1" failed="0" skipped="0">
  <reporter-output>
  </reporter-output>
  <suite started-at="2022-03-01T13:11:08 BDT" name="Default suite" finished-at="2022-03-01T13:12:32 BDT" duration-ms="83965">
    <groups>
    </groups>
    <test started-at="2022-03-01T13:11:08 BDT" name="Default test" finished-at="2022-03-01T13:12:32 BDT" duration-ms="83965">
      <class name="testCases.TC_002_Controls">
        <test-method is-config="true" signature="android_Setup()[pri:0, instance:testCases.TC_002_Controls@383bfa16]" started-at="2022-03-01T13:11:08 BDT" name="android_Setup" finished-at="2022-03-01T13:11:34 BDT" duration-ms="25691" status="PASS">
          <reporter-output>
          </reporter-output>
        </test-method> <!-- android_Setup -->
        <test-method signature="TC_002_Controls()[pri:0, instance:testCases.TC_002_Controls@383bfa16]" started-at="2022-03-01T13:11:34 BDT" name="TC_002_Controls" finished-at="2022-03-01T13:12:31 BDT" duration-ms="57014" status="PASS">
          <reporter-output>
          </reporter-output>
        </test-method> <!-- TC_002_Controls -->
        <test-method is-config="true" signature="tearDown()[pri:0, instance:testCases.TC_002_Controls@383bfa16]" started-at="2022-03-01T13:12:31 BDT" name="tearDown" finished-at="2022-03-01T13:12:32 BDT" duration-ms="1194" status="PASS">
          <reporter-output>
          </reporter-output>
        </test-method> <!-- tearDown -->
      </class> <!-- testCases.TC_002_Controls -->
    </test> <!-- Default test -->
  </suite> <!-- Default suite -->
</testng-results>
